<?xml version="1.0" encoding="UTF-8"?>
<!-- Generated by org.testng.reporters.JUnitReportReporter -->
<testsuite hostname="DESKTOP-D2RUNDR" failures="0" tests="1" name="com.OpenHRM.base.LoginSecoundAccount" time="5.413" errors="0" timestamp="2024-09-10T18:40:04 IST" skipped="0">
  <testcase classname="com.OpenHRM.base.LoginSecoundAccount" name="Login" time="5.413"/>
  <system-out/>
</testsuite> <!-- com.OpenHRM.base.LoginSecoundAccount -->
