<?xml version="1.0" encoding="UTF-8"?>
<!-- Generated by org.testng.reporters.JUnitReportReporter -->
<testsuite hostname="DESKTOP-D2RUNDR" failures="0" tests="4" name="com.OpenHRM.base.Base" time="33.412" errors="0" timestamp="2024-09-16T21:00:51 IST" skipped="0">
  <testcase classname="com.OpenHRM.base.Base" name="VerifyPage" time="0.057"/>
  <system-out/>
  <testcase classname="com.OpenHRM.base.Base" name="LoginDetail" time="8.533"/>
  <system-out/>
  <testcase classname="com.OpenHRM.base.Base" name="AddEmploye" time="13.865"/>
  <system-out/>
  <testcase classname="com.OpenHRM.base.Base" name="CreateUser" time="10.957"/>
  <system-out/>
</testsuite> <!-- com.OpenHRM.base.Base -->
